<?xml version="1.0" encoding="UTF-8"?>
<testsuite name="zerobase.weather.repository.JpaMemoRepositoryTest" tests="1" skipped="0" failures="0" errors="0" timestamp="2024-03-23T08:04:51" hostname="Hyunjuui-MacBookPro.local" time="0.647">
  <properties/>
  <testcase name="findByIdTest()" classname="zerobase.weather.repository.JpaMemoRepositoryTest" time="0.647"/>
  <system-out><![CDATA[17:04:47.046 [Test worker] INFO org.springframework.test.context.support.AnnotationConfigContextLoaderUtils -- Could not detect default configuration classes for test class [zerobase.weather.repository.JpaMemoRepositoryTest]: JpaMemoRepositoryTest does not declare any static, non-private, non-final, nested classes annotated with @Configuration.
17:04:47.159 [Test worker] INFO org.springframework.boot.test.context.SpringBootTestContextBootstrapper -- Found @SpringBootConfiguration zerobase.weather.WeatherApplication for test class zerobase.weather.repository.JpaMemoRepositoryTest

  .   ____          _            __ _ _
 /\\ / ___'_ __ _ _(_)_ __  __ _ \ \ \ \
( ( )\___ | '_ | '_| | '_ \/ _` | \ \ \ \
 \\/  ___)| |_)| | | | | || (_| |  ) ) ) )
  '  |____| .__|_| |_|_| |_\__, | / / / /
 =========|_|==============|___/=/_/_/_/
 :: Spring Boot ::                (v3.2.4)

2024-03-23T17:04:47.603+09:00  INFO 65818 --- [    Test worker] z.w.repository.JpaMemoRepositoryTest     : Starting JpaMemoRepositoryTest using Java 17.0.9 with PID 65818 (started by hyunjulee in /Users/hyunjulee/Desktop/zerobase/WeatherProject)
2024-03-23T17:04:47.605+09:00  INFO 65818 --- [    Test worker] z.w.repository.JpaMemoRepositoryTest     : No active profile set, falling back to 1 default profile: "default"
2024-03-23T17:04:48.297+09:00  INFO 65818 --- [    Test worker] .s.d.r.c.RepositoryConfigurationDelegate : Bootstrapping Spring Data JPA repositories in DEFAULT mode.
2024-03-23T17:04:48.341+09:00  INFO 65818 --- [    Test worker] .s.d.r.c.RepositoryConfigurationDelegate : Finished Spring Data repository scanning in 37 ms. Found 1 JPA repository interface.
2024-03-23T17:04:48.727+09:00  INFO 65818 --- [    Test worker] com.zaxxer.hikari.HikariDataSource       : HikariPool-1 - Starting...
2024-03-23T17:04:49.051+09:00  INFO 65818 --- [    Test worker] com.zaxxer.hikari.pool.HikariPool        : HikariPool-1 - Added connection com.mysql.cj.jdbc.ConnectionImpl@3815146b
2024-03-23T17:04:49.054+09:00  INFO 65818 --- [    Test worker] com.zaxxer.hikari.HikariDataSource       : HikariPool-1 - Start completed.
2024-03-23T17:04:49.104+09:00  INFO 65818 --- [    Test worker] o.hibernate.jpa.internal.util.LogHelper  : HHH000204: Processing PersistenceUnitInfo [name: default]
2024-03-23T17:04:49.164+09:00  INFO 65818 --- [    Test worker] org.hibernate.Version                    : HHH000412: Hibernate ORM core version 6.4.4.Final
2024-03-23T17:04:49.204+09:00  INFO 65818 --- [    Test worker] o.h.c.internal.RegionFactoryInitiator    : HHH000026: Second-level cache disabled
2024-03-23T17:04:49.486+09:00  INFO 65818 --- [    Test worker] o.s.o.j.p.SpringPersistenceUnitInfo      : No LoadTimeWeaver setup: ignoring JPA class transformer
2024-03-23T17:04:49.554+09:00  WARN 65818 --- [    Test worker] org.hibernate.orm.deprecation            : HHH90000025: MySQLDialect does not need to be specified explicitly using 'hibernate.dialect' (remove the property setting and it will be selected by default)
2024-03-23T17:04:50.343+09:00  INFO 65818 --- [    Test worker] o.h.e.t.j.p.i.JtaPlatformInitiator       : HHH000489: No JTA platform available (set 'hibernate.transaction.jta.platform' to enable JTA platform integration)
2024-03-23T17:04:50.347+09:00  INFO 65818 --- [    Test worker] j.LocalContainerEntityManagerFactoryBean : Initialized JPA EntityManagerFactory for persistence unit 'default'
2024-03-23T17:04:50.509+09:00  WARN 65818 --- [    Test worker] JpaBaseConfiguration$JpaWebConfiguration : spring.jpa.open-in-view is enabled by default. Therefore, database queries may be performed during view rendering. Explicitly configure spring.jpa.open-in-view to disable this warning
2024-03-23T17:04:51.119+09:00  INFO 65818 --- [    Test worker] z.w.repository.JpaMemoRepositoryTest     : Started JpaMemoRepositoryTest in 3.779 seconds (process running for 5.087)
Hibernate: select m1_0.id,m1_0.text from memo m1_0 where m1_0.id=?
Hibernate: insert into memo (text) values (?)
]]></system-out>
  <system-err><![CDATA[]]></system-err>
</testsuite>
